<?xml version="1.0" encoding="UTF-8"?>
<!-- Generated by org.testng.reporters.JUnitXMLReporter -->
<testsuite hostname="ANBU" ignored="0" name="Default test" tests="4" failures="0" timestamp="07 Feb 2018 05:59:44 GMT" time="0.08" errors="0">
  <testcase name="registerUserTest" time="0.015" classname="com.registeration.TestingNg"/>
  <testcase name="loggingIn" time="0.003" classname="com.registeration.TestingNg"/>
  <testcase name="forgetUP" time="0.004" classname="com.registeration.TestingNg"/>
  <testcase name="resettingPw" time="0.003" classname="com.registeration.TestingNg"/>
</testsuite> <!-- Default test -->
